This is pdfTeX, Version 3.1415926-2.3-1.40.12 (MiKTeX 2.9) (preloaded format=pdftex 2013.2.4)  16 APR 2013 16:52
entering extended mode
**C:/Users/Fildas/Documents/FAV/FAV-patak/diplomka/repo/eeg_semantic_web_data_m
odel/diploma-doc/text-prace-LATEX/diplomka.bib

(C:/Users/Fildas/Documents/FAV/FAV-patak/diplomka/repo/eeg_semantic_web_data_mo
del/diploma-doc/text-prace-LATEX/diplomka.bib
! Missing $ inserted.
<inserted text> 
                $
<to be read again> 
                   _
l.1 @manual{_
             1,
? 
! Emergency stop.
<inserted text> 
                $
<to be read again> 
                   _
l.1 @manual{_
             1,
End of file on the terminal!

!  ==> Fatal error occurred, no output PDF file produced!
